 irho=            1 rho=    3.50000000000000     
 V=   5725.95603592376      st=  1.000000000000000E-005 it=           3
 irho=            2 rho=    3.51343026043198     
 V=   4853.82839367959      st=  1.000000000000000E-005 it=           3
 irho=            3 rho=    3.52691205569118     
 V=   4013.84467062073      st=  1.000000000000000E-005 it=           3
 irho=            4 rho=    3.54044558352792     
 V=   3205.52373143778      st=  1.000000000000000E-005 it=           3
 irho=            5 rho=    3.55403104245136     
 V=   2428.37371481768      st=  1.000000000000000E-005 it=           4
 irho=            6 rho=    3.56766863173235     
 V=   1681.89206034212      st=  1.000000000000000E-005 it=           3
 irho=            7 rho=    3.58135855140639     
 V=   965.564134250610      st=  1.000000000000000E-005 it=           4
 irho=            8 rho=    3.59510100227659     
 V=   278.860884479571      st=  1.000000000000000E-005 it=           3
 irho=            9 rho=    3.60889618591654     
 V=  -378.746173021589      st=  1.000000000000000E-005 it=           3
 irho=           10 rho=    3.62274430467335     
 V=  -1007.77182793040      st=  1.000000000000000E-005 it=           4
 irho=           11 rho=    3.63664556167056     
 V=  -1608.72888428140      st=  1.000000000000000E-005 it=           3
 irho=           12 rho=    3.65060016081114     
 V=  -2182.13200591400      st=  1.000000000000000E-005 it=           3
 irho=           13 rho=    3.66460830678049     
 V=  -2728.50061051766      st=  1.000000000000000E-005 it=           3
 irho=           14 rho=    3.67867020504941     
 V=  -3248.36120626327      st=  1.000000000000000E-005 it=           3
 irho=           15 rho=    3.69278606187718     
 V=  -3742.24914514283      st=  1.000000000000000E-005 it=           4
 irho=           16 rho=    3.70695608431449     
 V=  -4210.70985209717      st=  1.000000000000000E-005 it=           3
 irho=           17 rho=    3.72118048020656     
 V=  -4654.29996919717      st=  1.000000000000000E-005 it=           3
 irho=           18 rho=    3.73545945819615     
 V=  -5073.55625446492      st=  1.000000000000000E-005 it=           3
 irho=           19 rho=    3.74979322772663     
 V=  -5468.99707285413      st=  1.000000000000000E-005 it=           3
 irho=           20 rho=    3.76418199904504     
 V=  -5841.13321773691      st=  1.000000000000000E-005 it=           3
 irho=           21 rho=    3.77862598320519     
 V=  -6190.47008161880      st=  1.000000000000000E-005 it=           3
 irho=           22 rho=    3.79312539207076     
 V=  -6517.50861080507      st=  1.000000000000000E-005 it=           3
 irho=           23 rho=    3.80768043831837     
 V=  -6822.74459132423      st=  1.000000000000000E-005 it=           3
 irho=           24 rho=    3.82229133544076     
 V=  -7106.65640078214      st=  1.000000000000000E-005 it=           3
 irho=           25 rho=    3.83695829774987     
 V=  -7369.65230482167      st=  1.000000000000000E-005 it=           3
 irho=           26 rho=    3.85168154037999     
 V=  -7612.12463901553      st=  1.000000000000000E-005 it=           3
 irho=           27 rho=    3.86646127929094     
 V=  -7834.47276784629      st=  1.000000000000000E-005 it=           3
 irho=           28 rho=    3.88129773127124     
 V=  -8037.09701838745      st=  1.000000000000000E-005 it=           3
 irho=           29 rho=    3.89619111394124     
 V=  -8220.39844346977      st=  1.000000000000000E-005 it=           3
 irho=           30 rho=    3.91114164575638     
 V=  -8384.77846234592      st=  1.000000000000000E-005 it=           3
 irho=           31 rho=    3.92614954601034     
 V=  -8530.63848026794      st=  1.000000000000000E-005 it=           3
 irho=           32 rho=    3.94121503483829     
 V=  -8658.37953136427      st=  1.000000000000000E-005 it=           3
 irho=           33 rho=    3.95633833322009     
 V=  -8768.40204083047      st=  1.000000000000000E-005 it=           3
 irho=           34 rho=    3.97151966298357     
 V=  -8861.10582914341      st=  1.000000000000000E-005 it=           3
 irho=           35 rho=    3.98675924680773     
 V=  -8936.89047951674      st=  1.000000000000000E-005 it=           3
 irho=           36 rho=    4.00205730822608     
 V=  -8996.15615659000      st=  1.000000000000000E-005 it=           3
 irho=           37 rho=    4.01741407162985     
 V=  -9039.30489555307      st=  1.000000000000000E-005 it=           3
 irho=           38 rho=    4.03282976227130     
 V=  -9066.74227521876      st=  1.000000000000000E-005 it=           3
 irho=           39 rho=    4.04830460626705     
 V=  -9078.86641242946      st=  1.000000000000000E-005 it=           3
 irho=           40 rho=    4.06383883060138     
 V=  -9076.02082490309      st=  1.000000000000000E-005 it=           3
 irho=           41 rho=    4.07943266312954     
 V=  -9058.53107061353      st=  1.000000000000000E-005 it=           3
 irho=           42 rho=    4.09508633258113     
 V=  -9026.71641555581      st=  1.000000000000000E-005 it=           3
 irho=           43 rho=    4.11080006856341     
 V=  -8980.89284101708      st=  1.000000000000000E-005 it=           3
 irho=           44 rho=    4.12657410156472     
 V=  -8921.37442339909      st=  1.000000000000000E-005 it=           3
 irho=           45 rho=    4.14240866295783     
 V=  -8848.47331223656      st=  1.000000000000000E-005 it=           3
 irho=           46 rho=    4.15830398500332     
 V=  -8762.50023523151      st=  1.000000000000000E-005 it=           3
 irho=           47 rho=    4.17426030085301     
 V=  -8663.76537787417      st=  1.000000000000000E-005 it=           3
 irho=           48 rho=    4.19027784455339     
 V=  -8552.57942009632      st=  1.000000000000000E-005 it=           3
 irho=           49 rho=    4.20635685104902     
 V=  -8429.25449403972      st=  1.000000000000000E-005 it=           3
 irho=           50 rho=    4.22249755618599     
 V=  -8294.10489764956      st=  1.000000000000000E-005 it=           3
 irho=           51 rho=    4.23870019671541     
 V=  -8147.44726892544      st=  1.000000000000000E-005 it=           3
 irho=           52 rho=    4.25496501029683     
 V=  -7989.60059048220      st=  1.000000000000000E-005 it=           3
 irho=           53 rho=    4.27129223550176     
 V=  -7820.86801329246      st=  1.000000000000000E-005 it=           3
 irho=           54 rho=    4.28768211181715     
 V=  -7641.50710643410      st=  1.000000000000000E-005 it=           3
 irho=           55 rho=    4.30413487964893     
 V=  -7451.77605320025      st=  1.000000000000000E-005 it=           3
 irho=           56 rho=    4.32065078032552     
 V=  -7251.92585469644      st=  1.000000000000000E-005 it=           3
 irho=           57 rho=    4.33723005610134     
 V=  -7042.20090977011      st=  1.000000000000000E-005 it=           3
 irho=           58 rho=    4.35387295016044     
 V=  -6822.84942859811      st=  1.000000000000000E-005 it=           3
 irho=           59 rho=    4.37057970661998     
 V=  -6594.12497278305      st=  1.000000000000000E-005 it=           3
 irho=           60 rho=    4.38735057053388     
 V=  -6356.28639221000      st=  1.000000000000000E-005 it=           3
 irho=           61 rho=    4.40418578789635     
 V=  -6109.59648025132      st=  1.000000000000000E-005 it=           3
 irho=           62 rho=    4.42108560564557     
 V=  -5854.32008740043      st=  1.000000000000000E-005 it=           3
 irho=           63 rho=    4.43805027166725     
 V=  -5590.72279584724      st=  1.000000000000000E-005 it=           3
 irho=           64 rho=    4.45508003479831     
 V=  -5319.07045503558      st=  1.000000000000000E-005 it=           3
 irho=           65 rho=    4.47217514483049     
 V=  -5039.63039239841      st=  1.000000000000000E-005 it=           3
 irho=           66 rho=    4.48933585251406     
 V=  -4752.65756401998      st=  1.000000000000000E-005 it=           3
 irho=           67 rho=    4.50656240956146     
 V=  -4458.35700898688      st=  1.000000000000000E-005 it=           3
 irho=           68 rho=    4.52385506865099     
 V=  -4156.92499099002      st=  1.000000000000000E-005 it=           3
 irho=           69 rho=    4.54121408343056     
 V=  -3851.25741213400      st=  1.000000000000000E-005 it=           3
 irho=           70 rho=    4.55863970852138     
 V=  -3569.23322801378      st=  1.000000000000000E-005 it=           3
 irho=           71 rho=    4.57613219952166     
 V=  -3311.21851759969      st=  1.000000000000000E-005 it=           3
 irho=           72 rho=    4.59369181301044     
 V=  -3072.52159137832      st=  1.000000000000000E-005 it=           4
 irho=           73 rho=    4.61131880655129     
 V=  -2852.20923838129      st=  1.000000000000000E-005 it=           3
 irho=           74 rho=    4.62901343869611     
 V=  -2649.96147648619      st=  1.000000000000000E-005 it=           3
 irho=           75 rho=    4.64677596898891     
 V=  -2464.78932048547      st=  1.000000000000000E-005 it=           3
 irho=           76 rho=    4.66460665796965     
 V=  -2294.50018007772      st=  1.000000000000000E-005 it=           3
 irho=           77 rho=    4.68250576717801     
 V=  -2137.58274962832      st=  1.000000000000000E-005 it=           3
 irho=           78 rho=    4.70047355915728     
 V=  -1993.03854507133      st=  1.000000000000000E-005 it=           3
 irho=           79 rho=    4.71851029745817     
 V=  -1860.17232489715      st=  1.000000000000000E-005 it=           3
 irho=           80 rho=    4.73661624664269     
 V=  -1738.49118553294      st=  1.000000000000000E-005 it=           3
 irho=           81 rho=    4.75479167228805     
 V=  -1627.50591787265      st=  1.000000000000000E-005 it=           3
 irho=           82 rho=    4.77303684099051     
 V=  -1526.34412868677      st=  1.000000000000000E-005 it=           3
 irho=           83 rho=    4.79135202036935     
 V=  -1434.17972777235      st=  1.000000000000000E-005 it=           3
 irho=           84 rho=    4.80973747907073     
 V=  -1350.32186637560      st=  1.000000000000000E-005 it=           3
 irho=           85 rho=    4.82819348677170     
 V=  -1274.17690615668      st=  1.000000000000000E-005 it=           3
 irho=           86 rho=    4.84672031418407     
 V=  -1205.22114433743      st=  1.000000000000000E-005 it=           4
 irho=           87 rho=    4.86531823305849     
 V=  -1142.98407189709      st=  1.000000000000000E-005 it=           3
 irho=           88 rho=    4.88398751618833     
 V=  -1087.03750839017      st=  1.000000000000000E-005 it=           3
 irho=           89 rho=    4.90272843741374     
 V=  -1036.95869322210      st=  1.000000000000000E-005 it=           3
 irho=           90 rho=    4.92154127162566     
 V=  -992.325608056145      st=  1.000000000000000E-005 it=           4
 irho=           91 rho=    4.94042629476985     
 V=  -952.737741103220      st=  1.000000000000000E-005 it=           4
 irho=           92 rho=    4.95938378385092     
 V=  -917.813357989871      st=  1.000000000000000E-005 it=           4
 irho=           93 rho=    4.97841401693642     
 V=  -887.186921429053      st=  1.000000000000000E-005 it=           4
 irho=           94 rho=    4.99751727316089     
 V=  -860.507330165386      st=  1.000000000000000E-005 it=           3
 irho=           95 rho=    5.01669383272999     
 V=  -837.436711509468      st=  1.000000000000000E-005 it=           4
 irho=           96 rho=    5.03594397692458     
 V=  -817.655076655853      st=  1.000000000000000E-005 it=           3
 irho=           97 rho=    5.05526798810485     
 V=  -800.898929490351      st=  1.000000000000000E-005 it=           4
 irho=           98 rho=    5.07466614971448     
 V=  -786.952645544569      st=  1.000000000000000E-005 it=           3
 irho=           99 rho=    5.09413874628477     
 V=  -775.601537824496      st=  1.000000000000000E-005 it=           3
 irho=          100 rho=    5.11368606343884     
 V=  -766.629011609917      st=  1.000000000000000E-005 it=           3
 irho=          101 rho=    5.13330838789579     
 V=  -759.816333649536      st=  1.000000000000000E-005 it=           3
 irho=          102 rho=    5.15300600747497     
 V=  -754.942817233993      st=  1.000000000000000E-005 it=           4
 irho=          103 rho=    5.17277921110009     
 V=  -751.786397941853      st=  1.000000000000000E-005 it=           3
 irho=          104 rho=    5.19262828880357     
 V=  -750.124547972740      st=  1.000000000000000E-005 it=           3
 irho=          105 rho=    5.21255353173074     
 V=  -749.758509710669      st=  1.000000000000000E-005 it=           4
 irho=          106 rho=    5.23255523214410     
 V=  -750.565465244581      st=  1.000000000000000E-005 it=           4
 irho=          107 rho=    5.25263368342765     
 V=  -752.436887874990      st=  1.000000000000000E-005 it=           3
 irho=          108 rho=    5.27278918009114     
 V=  -755.263060251378      st=  1.000000000000000E-005 it=           3
 irho=          109 rho=    5.29302201777443     
 V=  -758.933207148577      st=  1.000000000000000E-005 it=           4
 irho=          110 rho=    5.31333249325184     
 V=  -763.335627375531      st=  1.000000000000000E-005 it=           3
 irho=          111 rho=    5.33372090443643     
 V=  -768.357857684305      st=  1.000000000000000E-005 it=           4
 irho=          112 rho=    5.35418755038444     
 V=  -773.886905764121      st=  1.000000000000000E-005 it=           4
 irho=          113 rho=    5.37473273129968     
 V=  -779.809612954371      st=  1.000000000000000E-005 it=           3
 irho=          114 rho=    5.39535674853786     
 V=  -786.033129841138      st=  1.000000000000000E-005 it=           4
 irho=          115 rho=    5.41605990461108     
 V=  -792.508627079676      st=  1.000000000000000E-005 it=           3
 irho=          116 rho=    5.43684250319226     
 V=  -799.192193154165      st=  1.000000000000000E-005 it=           3
 irho=          117 rho=    5.45770484911955     
 V=  -806.039346186842      st=  1.000000000000000E-005 it=           4
 irho=          118 rho=    5.47864724840085     
 V=  -813.005113392836      st=  1.000000000000000E-005 it=           3
 irho=          119 rho=    5.49967000821827     
 V=  -820.044114407051      st=  1.000000000000000E-005 it=           4
 irho=          120 rho=    5.52077343693264     
 V=  -827.110648496991      st=  1.000000000000000E-005 it=           3
 irho=          121 rho=    5.54195784408806     
 V=  -834.158785740356      st=  1.000000000000000E-005 it=           3
 irho=          122 rho=    5.56322354041638     
 V=  -841.142462290230      st=  1.000000000000000E-005 it=           3
 irho=          123 rho=    5.58457083784184     
 V=  -848.015580071297      st=  1.000000000000000E-005 it=           4
 irho=          124 rho=    5.60600004948557     
 V=  -854.732112016640      st=  1.000000000000000E-005 it=           4
 irho=          125 rho=    5.62751148967022     
 V=  -861.254800627393      st=  1.000000000000000E-005 it=           3
 irho=          126 rho=    5.64910547392457     
 V=  -867.577858045500      st=  1.000000000000000E-005 it=           4
 irho=          127 rho=    5.67078231898814     
 V=  -873.702718270152      st=  1.000000000000000E-005 it=           4
 irho=          128 rho=    5.69254234281588     
 V=  -879.630976042953      st=  1.000000000000000E-005 it=           4
 irho=          129 rho=    5.71438586458276     
 V=  -885.364388836840      st=  1.000000000000000E-005 it=           3
 irho=          130 rho=    5.73631320468852     
 V=  -890.904893578054      st=  1.000000000000000E-005 it=           3
 irho=          131 rho=    5.75832468476233     
 V=  -896.254642578694      st=  1.000000000000000E-005 it=           3
 irho=          132 rho=    5.78042062766754     
 V=  -901.416062275410      st=  1.000000000000000E-005 it=           4
 irho=          133 rho=    5.80260135750639     
 V=  -906.391935854681      st=  1.000000000000000E-005 it=           4
 irho=          134 rho=    5.82486719962475     
 V=  -911.185505817824      st=  1.000000000000000E-005 it=           3
 irho=          135 rho=    5.84721848061693     
 V=  -915.800584183157      st=  1.000000000000000E-005 it=           4
 irho=          136 rho=    5.86965552833046     
 V=  -920.241034863280      st=  1.000000000000000E-005 it=           4
 irho=          137 rho=    5.89217867187089     
 V=  -924.499528446735      st=  1.000000000000000E-005 it=           3
 irho=          138 rho=    5.91478824160659     
 V=  -928.558310542762      st=  1.000000000000000E-005 it=           4
 irho=          139 rho=    5.93748456917367     
 V=  -932.398634690691      st=  1.000000000000000E-005 it=           4
 irho=          140 rho=    5.96026798748077     
 V=  -936.000584147646      st=  1.000000000000000E-005 it=           4
 irho=          141 rho=    5.98313883071399     
 V=  -939.342811740742      st=  1.000000000000000E-005 it=           4
 irho=          142 rho=    6.00609743434175     
 V=  -942.402583978635      st=  1.000000000000000E-005 it=           4
 irho=          143 rho=    6.02914413511976     
 V=  -945.156105892089      st=  1.000000000000000E-005 it=           4
 irho=          144 rho=    6.05227927109593     
 V=  -947.579078648146      st=  1.000000000000000E-005 it=           3
 irho=          145 rho=    6.07550318161532     
 V=  -949.647466728007      st=  1.000000000000000E-005 it=           3
 irho=          146 rho=    6.09881620732515     
 V=  -951.338530181469      st=  1.000000000000000E-005 it=           3
 irho=          147 rho=    6.12221869017977     
 V=  -952.632319513139      st=  1.000000000000000E-005 it=           3
 irho=          148 rho=    6.14571097344566     
 V=  -953.518591630208      st=  1.000000000000000E-005 it=           4
 irho=          149 rho=    6.16929340170653     
 V=  -954.027488454492      st=  1.000000000000000E-005 it=           4
 irho=          150 rho=    6.19296632086830     
 V=  -954.210083559035      st=  1.000000000000000E-005 it=           4
 irho=          151 rho=    6.21673007816422     
 V=  -954.124581424392      st=  1.000000000000000E-005 it=           4
 irho=          152 rho=    6.24058502215996     
 V=  -953.839564788712      st=  1.000000000000000E-005 it=           3
 irho=          153 rho=    6.26453150275867     
 V=  -953.440709911887      st=  1.000000000000000E-005 it=           4
 irho=          154 rho=    6.28856987120621     
 V=  -953.029706718169      st=  1.000000000000000E-005 it=           4
 irho=          155 rho=    6.31270048009620     
 V=  -952.720367617098      st=  1.000000000000000E-005 it=           3
 irho=          156 rho=    6.33692368337528     
 V=  -952.601794296808      st=  1.000000000000000E-005 it=           3
 irho=          157 rho=    6.36123983634822     
 V=  -952.705129652735      st=  1.000000000000000E-005 it=           3
 irho=          158 rho=    6.38564929568320     
 V=  -952.997486647696      st=  1.000000000000000E-005 it=           4
 irho=          159 rho=    6.41015241941700     
 V=  -953.399232339446      st=  1.000000000000000E-005 it=           3
 irho=          160 rho=    6.43474956696027     
 V=  -953.808603918198      st=  1.000000000000000E-005 it=           3
 irho=          161 rho=    6.45944109910280     
 V=  -954.122505724563      st=  1.000000000000000E-005 it=           4
 irho=          162 rho=    6.48422737801879     
 V=  -954.266344231635      st=  1.000000000000000E-005 it=           4
 irho=          163 rho=    6.50910876727220     
 V=  -954.198581693609      st=  1.000000000000000E-005 it=           3
 irho=          164 rho=    6.53408563182207     
 V=  -953.897402827367      st=  1.000000000000000E-005 it=           4
 irho=          165 rho=    6.55915833802785     
 V=  -953.354315113788      st=  1.000000000000000E-005 it=           3
 irho=          166 rho=    6.58432725365479     
 V=  -952.569739781789      st=  1.000000000000000E-005 it=           4
 irho=          167 rho=    6.60959274787934     
 V=  -951.550126510588      st=  1.000000000000000E-005 it=           4
 irho=          168 rho=    6.63495519129458     
 V=  -950.306123040917      st=  1.000000000000000E-005 it=           4
 irho=          169 rho=    6.66041495591561     
 V=  -948.851686168923      st=  1.000000000000000E-005 it=           3
 irho=          170 rho=    6.68597241518503     
 V=  -947.203110378626      st=  1.000000000000000E-005 it=           3
 irho=          171 rho=    6.71162794397845     
 V=  -945.378245912596      st=  1.000000000000000E-005 it=           4
 irho=          172 rho=    6.73738191860993     
 V=  -943.396256591436      st=  1.000000000000000E-005 it=           3
 irho=          173 rho=    6.76323471683753     
 V=  -941.277481278126      st=  1.000000000000000E-005 it=           3
 irho=          174 rho=    6.78918671786888     
 V=  -939.043379223080      st=  1.000000000000000E-005 it=           3
 irho=          175 rho=    6.81523830236669     
 V=  -936.716575832239      st=  1.000000000000000E-005 it=           3
 irho=          176 rho=    6.84138985245434     
 V=  -934.321066710872      st=  1.000000000000000E-005 it=           4
 irho=          177 rho=    6.86764175172152     
 V=  -931.882723235010      st=  1.000000000000000E-005 it=           4
 irho=          178 rho=    6.89399438522985     
 V=  -929.430421913925      st=  1.000000000000000E-005 it=           4
 irho=          179 rho=    6.92044813951849     
 V=  -926.998396435479      st=  1.000000000000000E-005 it=           3
 irho=          180 rho=    6.94700340260984     
 V=  -924.630143078929      st=  1.000000000000000E-005 it=           3
 irho=          181 rho=    6.97366056401523     
 V=  -922.380334223896      st=  1.000000000000000E-005 it=           4
 irho=          182 rho=    7.00042001474064     
 V=  -920.302178050402      st=  1.000000000000000E-005 it=           3
 irho=          183 rho=    7.02728214729242     
 V=  -918.413591622703      st=  1.000000000000000E-005 it=           4
 irho=          184 rho=    7.05424735568302     
 V=  -916.670727507995      st=  1.000000000000000E-005 it=           4
 irho=          185 rho=    7.08131603543685     
 V=  -915.005126022180      st=  1.000000000000000E-005 it=           4
 irho=          186 rho=    7.10848858359602     
 V=  -913.375886142701      st=  1.000000000000000E-005 it=           3
 irho=          187 rho=    7.13576539872614     
 V=  -911.759425723795      st=  1.000000000000000E-005 it=           3
 irho=          188 rho=    7.16314688092225     
 V=  -910.143635343502      st=  1.000000000000000E-005 it=           3
 irho=          189 rho=    7.19063343181462     
 V=  -908.525038763615      st=  1.000000000000000E-005 it=           3
 irho=          190 rho=    7.21822545457466     
 V=  -906.908892836631      st=  1.000000000000000E-005 it=           4
 irho=          191 rho=    7.24592335392086     
 V=  -905.317784294164      st=  1.000000000000000E-005 it=           3
 irho=          192 rho=    7.27372753612466     
 V=  -903.751071044866      st=  1.000000000000000E-005 it=           4
 irho=          193 rho=    7.30163840901649     
 V=  -902.187980444078      st=  1.000000000000000E-005 it=           4
 irho=          194 rho=    7.32965638199170     
 V=  -900.625792065854      st=  1.000000000000000E-005 it=           3
 irho=          195 rho=    7.35778186601657     
 V=  -899.060893358301      st=  1.000000000000000E-005 it=           4
 irho=          196 rho=    7.38601527363436     
 V=  -897.489488853348      st=  1.000000000000000E-005 it=           3
 irho=          197 rho=    7.41435701897136     
 V=  -895.908166935309      st=  1.000000000000000E-005 it=           4
 irho=          198 rho=    7.44280751774292     
 V=  -894.314304594972      st=  1.000000000000000E-005 it=           4
 irho=          199 rho=    7.47136718725959     
 V=  -892.706317572035      st=  1.000000000000000E-005 it=           4
 irho=          200 rho=    7.50003644643326     
 V=  -891.083780742468      st=  1.000000000000000E-005 it=           4
 irho=          201 rho=    7.52881571578323     
 V=  -889.447451252573      st=  1.000000000000000E-005 it=           4
 irho=          202 rho=    7.55770541744247     
 V=  -887.799226913857      st=  1.000000000000000E-005 it=           3
 irho=          203 rho=    7.58670597516374     
 V=  -886.142067906332      st=  1.000000000000000E-005 it=           4
 irho=          204 rho=    7.61581781432582     
 V=  -884.479903726871      st=  1.000000000000000E-005 it=           4
 irho=          205 rho=    7.64504136193979     
 V=  -882.817541535132      st=  1.000000000000000E-005 it=           4
 irho=          206 rho=    7.67437704665525     
 V=  -881.160614099109      st=  1.000000000000000E-005 it=           3
 irho=          207 rho=    7.70382529876661     
 V=  -879.515078642130      st=  1.000000000000000E-005 it=           4
 irho=          208 rho=    7.73338655021944     
 V=  -877.884884374668      st=  1.000000000000000E-005 it=           4
 irho=          209 rho=    7.76306123461675     
 V=  -876.270522735833      st=  1.000000000000000E-005 it=           4
 irho=          210 rho=    7.79284978722541     
 V=  -874.672029533080      st=  1.000000000000000E-005 it=           4
 irho=          211 rho=    7.82275264498247     
 V=  -873.089350808371      st=  1.000000000000000E-005 it=           4
 irho=          212 rho=    7.85277024650163     
 V=  -871.522386242790      st=  1.000000000000000E-005 it=           3
 irho=          213 rho=    7.88290303207963     
 V=  -869.971029982476      st=  1.000000000000000E-005 it=           3
 irho=          214 rho=    7.91315144370273     
 V=  -868.435207334375      st=  1.000000000000000E-005 it=           3
 irho=          215 rho=    7.94351592505319     
 V=  -866.914906377302      st=  1.000000000000000E-005 it=           4
 irho=          216 rho=    7.97399692151577     
 V=  -865.410204063250      st=  1.000000000000000E-005 it=           3
 irho=          217 rho=    8.00459488018427     
 V=  -863.921286817762      st=  1.000000000000000E-005 it=           4
 irho=          218 rho=    8.03531024986808     
 V=  -862.448465979322      st=  1.000000000000000E-005 it=           4
 irho=          219 rho=    8.06614348109879     
 V=  -860.992188651877      st=  1.000000000000000E-005 it=           4
 irho=          220 rho=    8.09709502613675     
 V=  -859.553044698862      st=  1.000000000000000E-005 it=           3
 irho=          221 rho=    8.12816533897775     
 V=  -858.131770699846      st=  1.000000000000000E-005 it=           3
 irho=          222 rho=    8.15935487535965     
 V=  -856.729251745249      st=  1.000000000000000E-005 it=           4
 irho=          223 rho=    8.19066409276908     
 V=  -855.346521976696      st=  1.000000000000000E-005 it=           3
 irho=          224 rho=    8.22209345044814     
 V=  -853.984764649348      st=  1.000000000000000E-005 it=           3
 irho=          225 rho=    8.25364340940117     
 V=  -852.644836428240      st=  1.000000000000000E-005 it=           4
 irho=          226 rho=    8.28531443240144     
 V=  -851.326596948941      st=  1.000000000000000E-005 it=           4
 irho=          227 rho=    8.31710698399800     
 V=  -850.029796316603      st=  1.000000000000000E-005 it=           4
 irho=          228 rho=    8.34902153052249     
 V=  -848.754150989625      st=  1.000000000000000E-005 it=           3
 irho=          229 rho=    8.38105854009595     
 V=  -847.499332239655      st=  1.000000000000000E-005 it=           3
 irho=          230 rho=    8.41321848263570     
 V=  -846.264953972602      st=  1.000000000000000E-005 it=           4
 irho=          231 rho=    8.44550182986225     
 V=  -845.050560209271      st=  1.000000000000000E-005 it=           4
 irho=          232 rho=    8.47790905530620     
 V=  -843.855612829488      st=  1.000000000000000E-005 it=           4
 irho=          233 rho=    8.51044063431516     
 V=  -842.679480523540      st=  1.000000000000000E-005 it=           4
 irho=          234 rho=    8.54309704406080     
 V=  -841.521430224328      st=  1.000000000000000E-005 it=           4
 irho=          235 rho=    8.57587876354577     
 V=  -840.380622553527      st=  1.000000000000000E-005 it=           3
 irho=          236 rho=    8.60878627361077     
 V=  -839.256112930776      st=  1.000000000000000E-005 it=           3
 irho=          237 rho=    8.64182005694158     
 V=  -838.146859919920      st=  1.000000000000000E-005 it=           3
 irho=          238 rho=    8.67498059807616     
 V=  -837.051742158361      st=  1.000000000000000E-005 it=           4
 irho=          239 rho=    8.70826838341173     
 V=  -835.969585021518      st=  1.000000000000000E-005 it=           3
 irho=          240 rho=    8.74168390121195     
 V=  -834.899198426167      st=  1.000000000000000E-005 it=           4
 irho=          241 rho=    8.77522764161404     
 V=  -833.839607883242      st=  1.000000000000000E-005 it=           4
 irho=          242 rho=    8.80890009663597     
 V=  -832.380026050190      st=  1.000000000000000E-005 it=           4
 irho=          243 rho=    8.84270176018372     
 V=  -831.490333756065      st=  1.000000000000000E-005 it=           3
 irho=          244 rho=    8.87663312805845     
 V=  -830.627966365171      st=  1.000000000000000E-005 it=           4
 irho=          245 rho=    8.91069469796386     
 V=  -829.786676750636      st=  1.000000000000000E-005 it=           4
 irho=          246 rho=    8.94488696951344     
 V=  -828.960176100510      st=  1.000000000000000E-005 it=           4
 irho=          247 rho=    8.97921044423777     
 V=  -828.145192745869      st=  1.000000000000000E-005 it=           3
 irho=          248 rho=    9.01366562559195     
 V=  -827.340610559993      st=  1.000000000000000E-005 it=           3
 irho=          249 rho=    9.04825301896295     
 V=  -826.545881629023      st=  1.000000000000000E-005 it=           3
 irho=          250 rho=    9.08297313167697     
 V=  -825.760819577988      st=  1.000000000000000E-005 it=           3
 irho=          251 rho=    9.11782647300700     
 V=  -824.985482021347      st=  1.000000000000000E-005 it=           4
 irho=          252 rho=    9.15281355418016     
 V=  -824.220102583022      st=  1.000000000000000E-005 it=           3
 irho=          253 rho=    9.18793488838529     
 V=  -823.465051223934      st=  1.000000000000000E-005 it=           3
 irho=          254 rho=    9.22319099078046     
 V=  -822.720808988771      st=  1.000000000000000E-005 it=           4
 irho=          255 rho=    9.25858237850047     
 V=  -821.987944013967      st=  1.000000000000000E-005 it=           3
 irho=          256 rho=    9.29410957066453     
 V=  -821.267073192205      st=  1.000000000000000E-005 it=           4
 irho=          257 rho=    9.32977308838377     
 V=  -820.558796424871      st=  1.000000000000000E-005 it=           3
 irho=          258 rho=    9.36557345476898     
 V=  -819.863610190960      st=  1.000000000000000E-005 it=           4
 irho=          259 rho=    9.40151119493823     
 V=  -819.181841339861      st=  1.000000000000000E-005 it=           3
 irho=          260 rho=    9.43758683602457     
 V=  -818.513654954311      st=  1.000000000000000E-005 it=           3
 irho=          261 rho=    9.47380090718378     
 V=  -817.858479811713      st=  1.000000000000000E-005 it=           3
 irho=          262 rho=    9.51015393960211     
 V=  -817.213306309451      st=  1.000000000000000E-005 it=           4
 irho=          263 rho=    9.54664646650413     
 V=  -816.577572787762      st=  1.000000000000000E-005 it=           4
 irho=          264 rho=    9.58327902316046     
 V=  -815.951298113141      st=  1.000000000000000E-005 it=           3
 irho=          265 rho=    9.62005214689571     
 V=  -815.334636967249      st=  1.000000000000000E-005 it=           4
 irho=          266 rho=    9.65696637709629     
 V=  -814.727766180201      st=  1.000000000000000E-005 it=           4
 irho=          267 rho=    9.69402225521836     
 V=  -814.130816604929      st=  1.000000000000000E-005 it=           4
 irho=          268 rho=    9.73122032479578     
 V=  -813.543849706317      st=  1.000000000000000E-005 it=           4
 irho=          269 rho=    9.76856113144806     
 V=  -812.966862930792      st=  1.000000000000000E-005 it=           4
 irho=          270 rho=    9.80604522288835     
 V=  -812.399807102359      st=  1.000000000000000E-005 it=           4
 irho=          271 rho=    9.84367314893154     
 V=  -811.842606228332      st=  1.000000000000000E-005 it=           4
 irho=          272 rho=    9.88144546150223     
 V=  -811.295177314404      st=  1.000000000000000E-005 it=           3
 irho=          273 rho=    9.91936271464290     
 V=  -810.757452528891      st=  1.000000000000000E-005 it=           3
 irho=          274 rho=    9.95742546452202     
 V=  -810.229409626075      st=  1.000000000000000E-005 it=           3
 irho=          275 rho=    9.99563426944217     
 V=  -809.711166537221      st=  1.000000000000000E-005 it=           3
 irho=          276 rho=    10.0339896898483     
 V=  -809.202952449123      st=  1.000000000000000E-005 it=           3
 irho=          277 rho=    10.0724922883358     
 V=  -808.704494205881      st=  1.000000000000000E-005 it=           3
 irho=          278 rho=    10.1111426296591     
 V=  -808.215417959920      st=  1.000000000000000E-005 it=           4
 irho=          279 rho=    10.1499412807395     
 V=  -807.735293813465      st=  1.000000000000000E-005 it=           4
 irho=          280 rho=    10.1888888106736     
 V=  -807.263623544284      st=  1.000000000000000E-005 it=           4
 irho=          281 rho=    10.2279857907421     
 V=  -806.799825969496      st=  1.000000000000000E-005 it=           4
 irho=          282 rho=    10.2672327944176     
 V=  -806.343219608047      st=  1.000000000000000E-005 it=           4
 irho=          283 rho=    10.3066303973733     
 V=  -805.893002387026      st=  1.000000000000000E-005 it=           3
 irho=          284 rho=    10.3461791774913     
 V=  -805.448228338582      st=  1.000000000000000E-005 it=           4
 irho=          285 rho=    10.3858797148711     
 V=  -805.007781642087      st=  1.000000000000000E-005 it=           4
 irho=          286 rho=    10.4257325918385     
 V=  -804.570349112519      st=  1.000000000000000E-005 it=           3
 irho=          287 rho=    10.4657383929536     
 V=  -804.134393544027      st=  1.000000000000000E-005 it=           4
 irho=          288 rho=    10.5058977050194     
 V=  -803.698132565563      st=  1.000000000000000E-005 it=           3
 irho=          289 rho=    10.5462111170908     
 V=  -803.259531584103      st=  1.000000000000000E-005 it=           3
 irho=          290 rho=    10.5866792204832     
 V=  -802.816326887278      st=  1.000000000000000E-005 it=           3
 irho=          291 rho=    10.6273026087806     
 V=  -802.366113231157      st=  1.000000000000000E-005 it=           4
 irho=          292 rho=    10.6680818778449     
 V=  -801.906604139567      st=  1.000000000000000E-005 it=           4
 irho=          293 rho=    10.7090176258247     
 V=  -801.501705362354      st=  1.000000000000000E-005 it=           3
 irho=          294 rho=    10.7501104531634     
 V=  -801.034456241318      st=  1.000000000000000E-005 it=           4
 irho=          295 rho=    10.7913609626087     
 V=  -800.548049760126      st=  1.000000000000000E-005 it=           3
 irho=          296 rho=    10.8327697592211     
 V=  -800.039841724201      st=  1.000000000000000E-005 it=           4
 irho=          297 rho=    10.8743374503828     
 V=  -799.508234061549      st=  1.000000000000000E-005 it=           3
 irho=          298 rho=    10.9160646458067     
 V=  -798.953314316948      st=  1.000000000000000E-005 it=           4
 irho=          299 rho=    10.9579519575454     
 V=  -798.377574014404      st=  1.000000000000000E-005 it=           4
 irho=          300 rho=    11.0000000000000     
 V=  -797.873394372354      st=  1.000000000000000E-005 it=           3
